<!DOCTYPE html>
<html>
<head>
<meta http-equiv="Content-Type" content="text/html; charset=utf-8"/>
<meta http-equiv="x-ua-compatible" content="IE=edge"/>
<title>Test results - TestRunner</title>
<link href="../css/base-style.css" rel="stylesheet" type="text/css"/>
<link href="../css/style.css" rel="stylesheet" type="text/css"/>
<script src="../js/report.js" type="text/javascript"></script>
</head>
<body>
<div id="content">
<h1>TestRunner</h1>
<div class="breadcrumbs">
<a href="../index.html">all</a> &gt; 
<a href="../packages/com.automation.runner.html">com.automation.runner</a> &gt; TestRunner</div>
<div id="summary">
<table>
<tr>
<td>
<div class="summaryGroup">
<table>
<tr>
<td>
<div class="infoBox" id="tests">
<div class="counter">17</div>
<p>tests</p>
</div>
</td>
<td>
<div class="infoBox" id="failures">
<div class="counter">17</div>
<p>failures</p>
</div>
</td>
<td>
<div class="infoBox" id="ignored">
<div class="counter">0</div>
<p>ignored</p>
</div>
</td>
<td>
<div class="infoBox" id="duration">
<div class="counter">0.166s</div>
<p>duration</p>
</div>
</td>
</tr>
</table>
</div>
</td>
<td>
<div class="infoBox failures" id="successRate">
<div class="percent">0%</div>
<p>successful</p>
</div>
</td>
</tr>
</table>
</div>
<div id="tabs">
<ul class="tabLinks">
<li>
<a href="#tab0">Failed tests</a>
</li>
<li>
<a href="#tab1">Tests</a>
</li>
<li>
<a href="#tab2">Standard output</a>
</li>
</ul>
<div id="tab0" class="tab">
<h2>Failed tests</h2>
<div class="test">
<a name="Add product to cart on SauceDemo - Add an existing product to cart"></a>
<h3 class="failures">Add product to cart on SauceDemo - Add an existing product to cart</h3>
<span class="code">
<pre>io.cucumber.core.runner.DuplicateStepDefinitionException: Duplicate step definitions in com.automation.steps.web.LoginSteps.openLoginPage() and com.automation.steps.web.CheckoutSteps.openLoginPage()
	at app//io.cucumber.core.runner.CachingGlue.lambda$prepareGlue$3(CachingGlue.java:278)
	at java.base@21.0.7/java.util.ArrayList.forEach(ArrayList.java:1596)
	at app//io.cucumber.core.runner.CachingGlue.prepareGlue(CachingGlue.java:272)
	at app//io.cucumber.core.runner.Runner.runPickle(Runner.java:72)
	at app//io.cucumber.junit.platform.engine.CucumberEngineExecutionContext.lambda$runTestCase$4(CucumberEngineExecutionContext.java:112)
	at app//io.cucumber.core.runtime.CucumberExecutionContext.lambda$runTestCase$5(CucumberExecutionContext.java:137)
	at app//io.cucumber.core.runtime.RethrowingThrowableCollector.executeAndThrow(RethrowingThrowableCollector.java:23)
	at app//io.cucumber.core.runtime.CucumberExecutionContext.runTestCase(CucumberExecutionContext.java:137)
	at app//io.cucumber.junit.platform.engine.CucumberEngineExecutionContext.runTestCase(CucumberEngineExecutionContext.java:109)
	at app//io.cucumber.junit.platform.engine.NodeDescriptor$PickleDescriptor.execute(NodeDescriptor.java:168)
	at app//io.cucumber.junit.platform.engine.NodeDescriptor$PickleDescriptor.execute(NodeDescriptor.java:90)
	at java.base@21.0.7/java.util.ArrayList.forEach(ArrayList.java:1596)
	at java.base@21.0.7/java.util.ArrayList.forEach(ArrayList.java:1596)
</pre>
</span>
</div>
<div class="test">
<a name="Add product to cart on SauceDemo - Attempt to checkout with empty cart"></a>
<h3 class="failures">Add product to cart on SauceDemo - Attempt to checkout with empty cart</h3>
<span class="code">
<pre>io.cucumber.core.runner.DuplicateStepDefinitionException: Duplicate step definitions in com.automation.steps.web.LoginSteps.openLoginPage() and com.automation.steps.web.CheckoutSteps.openLoginPage()
	at app//io.cucumber.core.runner.CachingGlue.lambda$prepareGlue$3(CachingGlue.java:278)
	at java.base@21.0.7/java.util.ArrayList.forEach(ArrayList.java:1596)
	at app//io.cucumber.core.runner.CachingGlue.prepareGlue(CachingGlue.java:272)
	at app//io.cucumber.core.runner.Runner.runPickle(Runner.java:72)
	at app//io.cucumber.junit.platform.engine.CucumberEngineExecutionContext.lambda$runTestCase$4(CucumberEngineExecutionContext.java:112)
	at app//io.cucumber.core.runtime.CucumberExecutionContext.lambda$runTestCase$5(CucumberExecutionContext.java:137)
	at app//io.cucumber.core.runtime.RethrowingThrowableCollector.executeAndThrow(RethrowingThrowableCollector.java:23)
	at app//io.cucumber.core.runtime.CucumberExecutionContext.runTestCase(CucumberExecutionContext.java:137)
	at app//io.cucumber.junit.platform.engine.CucumberEngineExecutionContext.runTestCase(CucumberEngineExecutionContext.java:109)
	at app//io.cucumber.junit.platform.engine.NodeDescriptor$PickleDescriptor.execute(NodeDescriptor.java:168)
	at app//io.cucumber.junit.platform.engine.NodeDescriptor$PickleDescriptor.execute(NodeDescriptor.java:90)
	at java.base@21.0.7/java.util.ArrayList.forEach(ArrayList.java:1596)
	at java.base@21.0.7/java.util.ArrayList.forEach(ArrayList.java:1596)
</pre>
</span>
</div>
<div class="test">
<a name="Checkout flow on SauceDemo - Full checkout process and logout"></a>
<h3 class="failures">Checkout flow on SauceDemo - Full checkout process and logout</h3>
<span class="code">
<pre>io.cucumber.core.runner.DuplicateStepDefinitionException: Duplicate step definitions in com.automation.steps.web.LoginSteps.openLoginPage() and com.automation.steps.web.CheckoutSteps.openLoginPage()
	at app//io.cucumber.core.runner.CachingGlue.lambda$prepareGlue$3(CachingGlue.java:278)
	at java.base@21.0.7/java.util.ArrayList.forEach(ArrayList.java:1596)
	at app//io.cucumber.core.runner.CachingGlue.prepareGlue(CachingGlue.java:272)
	at app//io.cucumber.core.runner.Runner.runPickle(Runner.java:72)
	at app//io.cucumber.junit.platform.engine.CucumberEngineExecutionContext.lambda$runTestCase$4(CucumberEngineExecutionContext.java:112)
	at app//io.cucumber.core.runtime.CucumberExecutionContext.lambda$runTestCase$5(CucumberExecutionContext.java:137)
	at app//io.cucumber.core.runtime.RethrowingThrowableCollector.executeAndThrow(RethrowingThrowableCollector.java:23)
	at app//io.cucumber.core.runtime.CucumberExecutionContext.runTestCase(CucumberExecutionContext.java:137)
	at app//io.cucumber.junit.platform.engine.CucumberEngineExecutionContext.runTestCase(CucumberEngineExecutionContext.java:109)
	at app//io.cucumber.junit.platform.engine.NodeDescriptor$PickleDescriptor.execute(NodeDescriptor.java:168)
	at app//io.cucumber.junit.platform.engine.NodeDescriptor$PickleDescriptor.execute(NodeDescriptor.java:90)
	at java.base@21.0.7/java.util.ArrayList.forEach(ArrayList.java:1596)
	at java.base@21.0.7/java.util.ArrayList.forEach(ArrayList.java:1596)
</pre>
</span>
</div>
<div class="test">
<a name="SauceDemo Website Login - Failed login with empty credentials"></a>
<h3 class="failures">SauceDemo Website Login - Failed login with empty credentials</h3>
<span class="code">
<pre>io.cucumber.core.runner.DuplicateStepDefinitionException: Duplicate step definitions in com.automation.steps.web.LoginSteps.openLoginPage() and com.automation.steps.web.CheckoutSteps.openLoginPage()
	at app//io.cucumber.core.runner.CachingGlue.lambda$prepareGlue$3(CachingGlue.java:278)
	at java.base@21.0.7/java.util.ArrayList.forEach(ArrayList.java:1596)
	at app//io.cucumber.core.runner.CachingGlue.prepareGlue(CachingGlue.java:272)
	at app//io.cucumber.core.runner.Runner.runPickle(Runner.java:72)
	at app//io.cucumber.junit.platform.engine.CucumberEngineExecutionContext.lambda$runTestCase$4(CucumberEngineExecutionContext.java:112)
	at app//io.cucumber.core.runtime.CucumberExecutionContext.lambda$runTestCase$5(CucumberExecutionContext.java:137)
	at app//io.cucumber.core.runtime.RethrowingThrowableCollector.executeAndThrow(RethrowingThrowableCollector.java:23)
	at app//io.cucumber.core.runtime.CucumberExecutionContext.runTestCase(CucumberExecutionContext.java:137)
	at app//io.cucumber.junit.platform.engine.CucumberEngineExecutionContext.runTestCase(CucumberEngineExecutionContext.java:109)
	at app//io.cucumber.junit.platform.engine.NodeDescriptor$PickleDescriptor.execute(NodeDescriptor.java:168)
	at app//io.cucumber.junit.platform.engine.NodeDescriptor$PickleDescriptor.execute(NodeDescriptor.java:90)
	at java.base@21.0.7/java.util.ArrayList.forEach(ArrayList.java:1596)
	at java.base@21.0.7/java.util.ArrayList.forEach(ArrayList.java:1596)
</pre>
</span>
</div>
<div class="test">
<a name="SauceDemo Website Login - Failed login with invalid password"></a>
<h3 class="failures">SauceDemo Website Login - Failed login with invalid password</h3>
<span class="code">
<pre>io.cucumber.core.runner.DuplicateStepDefinitionException: Duplicate step definitions in com.automation.steps.web.LoginSteps.openLoginPage() and com.automation.steps.web.CheckoutSteps.openLoginPage()
	at app//io.cucumber.core.runner.CachingGlue.lambda$prepareGlue$3(CachingGlue.java:278)
	at java.base@21.0.7/java.util.ArrayList.forEach(ArrayList.java:1596)
	at app//io.cucumber.core.runner.CachingGlue.prepareGlue(CachingGlue.java:272)
	at app//io.cucumber.core.runner.Runner.runPickle(Runner.java:72)
	at app//io.cucumber.junit.platform.engine.CucumberEngineExecutionContext.lambda$runTestCase$4(CucumberEngineExecutionContext.java:112)
	at app//io.cucumber.core.runtime.CucumberExecutionContext.lambda$runTestCase$5(CucumberExecutionContext.java:137)
	at app//io.cucumber.core.runtime.RethrowingThrowableCollector.executeAndThrow(RethrowingThrowableCollector.java:23)
	at app//io.cucumber.core.runtime.CucumberExecutionContext.runTestCase(CucumberExecutionContext.java:137)
	at app//io.cucumber.junit.platform.engine.CucumberEngineExecutionContext.runTestCase(CucumberEngineExecutionContext.java:109)
	at app//io.cucumber.junit.platform.engine.NodeDescriptor$PickleDescriptor.execute(NodeDescriptor.java:168)
	at app//io.cucumber.junit.platform.engine.NodeDescriptor$PickleDescriptor.execute(NodeDescriptor.java:90)
	at java.base@21.0.7/java.util.ArrayList.forEach(ArrayList.java:1596)
	at java.base@21.0.7/java.util.ArrayList.forEach(ArrayList.java:1596)
</pre>
</span>
</div>
<div class="test">
<a name="SauceDemo Website Login - Failed login with invalid username"></a>
<h3 class="failures">SauceDemo Website Login - Failed login with invalid username</h3>
<span class="code">
<pre>io.cucumber.core.runner.DuplicateStepDefinitionException: Duplicate step definitions in com.automation.steps.web.LoginSteps.openLoginPage() and com.automation.steps.web.CheckoutSteps.openLoginPage()
	at app//io.cucumber.core.runner.CachingGlue.lambda$prepareGlue$3(CachingGlue.java:278)
	at java.base@21.0.7/java.util.ArrayList.forEach(ArrayList.java:1596)
	at app//io.cucumber.core.runner.CachingGlue.prepareGlue(CachingGlue.java:272)
	at app//io.cucumber.core.runner.Runner.runPickle(Runner.java:72)
	at app//io.cucumber.junit.platform.engine.CucumberEngineExecutionContext.lambda$runTestCase$4(CucumberEngineExecutionContext.java:112)
	at app//io.cucumber.core.runtime.CucumberExecutionContext.lambda$runTestCase$5(CucumberExecutionContext.java:137)
	at app//io.cucumber.core.runtime.RethrowingThrowableCollector.executeAndThrow(RethrowingThrowableCollector.java:23)
	at app//io.cucumber.core.runtime.CucumberExecutionContext.runTestCase(CucumberExecutionContext.java:137)
	at app//io.cucumber.junit.platform.engine.CucumberEngineExecutionContext.runTestCase(CucumberEngineExecutionContext.java:109)
	at app//io.cucumber.junit.platform.engine.NodeDescriptor$PickleDescriptor.execute(NodeDescriptor.java:168)
	at app//io.cucumber.junit.platform.engine.NodeDescriptor$PickleDescriptor.execute(NodeDescriptor.java:90)
	at java.base@21.0.7/java.util.ArrayList.forEach(ArrayList.java:1596)
	at java.base@21.0.7/java.util.ArrayList.forEach(ArrayList.java:1596)
</pre>
</span>
</div>
<div class="test">
<a name="SauceDemo Website Login - Successful login with valid credentials"></a>
<h3 class="failures">SauceDemo Website Login - Successful login with valid credentials</h3>
<span class="code">
<pre>io.cucumber.core.runner.DuplicateStepDefinitionException: Duplicate step definitions in com.automation.steps.web.LoginSteps.openLoginPage() and com.automation.steps.web.CheckoutSteps.openLoginPage()
	at app//io.cucumber.core.runner.CachingGlue.lambda$prepareGlue$3(CachingGlue.java:278)
	at java.base@21.0.7/java.util.ArrayList.forEach(ArrayList.java:1596)
	at app//io.cucumber.core.runner.CachingGlue.prepareGlue(CachingGlue.java:272)
	at app//io.cucumber.core.runner.Runner.runPickle(Runner.java:72)
	at app//io.cucumber.junit.platform.engine.CucumberEngineExecutionContext.lambda$runTestCase$4(CucumberEngineExecutionContext.java:112)
	at app//io.cucumber.core.runtime.CucumberExecutionContext.lambda$runTestCase$5(CucumberExecutionContext.java:137)
	at app//io.cucumber.core.runtime.RethrowingThrowableCollector.executeAndThrow(RethrowingThrowableCollector.java:23)
	at app//io.cucumber.core.runtime.CucumberExecutionContext.runTestCase(CucumberExecutionContext.java:137)
	at app//io.cucumber.junit.platform.engine.CucumberEngineExecutionContext.runTestCase(CucumberEngineExecutionContext.java:109)
	at app//io.cucumber.junit.platform.engine.NodeDescriptor$PickleDescriptor.execute(NodeDescriptor.java:168)
	at app//io.cucumber.junit.platform.engine.NodeDescriptor$PickleDescriptor.execute(NodeDescriptor.java:90)
	at java.base@21.0.7/java.util.ArrayList.forEach(ArrayList.java:1596)
	at java.base@21.0.7/java.util.ArrayList.forEach(ArrayList.java:1596)
</pre>
</span>
</div>
<div class="test">
<a name="User API Testing - Create new user with valid payload - Positive Test"></a>
<h3 class="failures">User API Testing - Create new user with valid payload - Positive Test</h3>
<span class="code">
<pre>io.cucumber.core.runner.DuplicateStepDefinitionException: Duplicate step definitions in com.automation.steps.web.LoginSteps.openLoginPage() and com.automation.steps.web.CheckoutSteps.openLoginPage()
	at app//io.cucumber.core.runner.CachingGlue.lambda$prepareGlue$3(CachingGlue.java:278)
	at java.base@21.0.7/java.util.ArrayList.forEach(ArrayList.java:1596)
	at app//io.cucumber.core.runner.CachingGlue.prepareGlue(CachingGlue.java:272)
	at app//io.cucumber.core.runner.Runner.runPickle(Runner.java:72)
	at app//io.cucumber.junit.platform.engine.CucumberEngineExecutionContext.lambda$runTestCase$4(CucumberEngineExecutionContext.java:112)
	at app//io.cucumber.core.runtime.CucumberExecutionContext.lambda$runTestCase$5(CucumberExecutionContext.java:137)
	at app//io.cucumber.core.runtime.RethrowingThrowableCollector.executeAndThrow(RethrowingThrowableCollector.java:23)
	at app//io.cucumber.core.runtime.CucumberExecutionContext.runTestCase(CucumberExecutionContext.java:137)
	at app//io.cucumber.junit.platform.engine.CucumberEngineExecutionContext.runTestCase(CucumberEngineExecutionContext.java:109)
	at app//io.cucumber.junit.platform.engine.NodeDescriptor$PickleDescriptor.execute(NodeDescriptor.java:168)
	at app//io.cucumber.junit.platform.engine.NodeDescriptor$PickleDescriptor.execute(NodeDescriptor.java:90)
	at java.base@21.0.7/java.util.ArrayList.forEach(ArrayList.java:1596)
	at java.base@21.0.7/java.util.ArrayList.forEach(ArrayList.java:1596)
</pre>
</span>
</div>
<div class="test">
<a name="User API Testing - Create user with invalid email format - Negative Test"></a>
<h3 class="failures">User API Testing - Create user with invalid email format - Negative Test</h3>
<span class="code">
<pre>io.cucumber.core.runner.DuplicateStepDefinitionException: Duplicate step definitions in com.automation.steps.web.LoginSteps.openLoginPage() and com.automation.steps.web.CheckoutSteps.openLoginPage()
	at app//io.cucumber.core.runner.CachingGlue.lambda$prepareGlue$3(CachingGlue.java:278)
	at java.base@21.0.7/java.util.ArrayList.forEach(ArrayList.java:1596)
	at app//io.cucumber.core.runner.CachingGlue.prepareGlue(CachingGlue.java:272)
	at app//io.cucumber.core.runner.Runner.runPickle(Runner.java:72)
	at app//io.cucumber.junit.platform.engine.CucumberEngineExecutionContext.lambda$runTestCase$4(CucumberEngineExecutionContext.java:112)
	at app//io.cucumber.core.runtime.CucumberExecutionContext.lambda$runTestCase$5(CucumberExecutionContext.java:137)
	at app//io.cucumber.core.runtime.RethrowingThrowableCollector.executeAndThrow(RethrowingThrowableCollector.java:23)
	at app//io.cucumber.core.runtime.CucumberExecutionContext.runTestCase(CucumberExecutionContext.java:137)
	at app//io.cucumber.junit.platform.engine.CucumberEngineExecutionContext.runTestCase(CucumberEngineExecutionContext.java:109)
	at app//io.cucumber.junit.platform.engine.NodeDescriptor$PickleDescriptor.execute(NodeDescriptor.java:168)
	at app//io.cucumber.junit.platform.engine.NodeDescriptor$PickleDescriptor.execute(NodeDescriptor.java:90)
	at java.base@21.0.7/java.util.ArrayList.forEach(ArrayList.java:1596)
	at java.base@21.0.7/java.util.ArrayList.forEach(ArrayList.java:1596)
</pre>
</span>
</div>
<div class="test">
<a name="User API Testing - Create user with invalid payload - Negative Test"></a>
<h3 class="failures">User API Testing - Create user with invalid payload - Negative Test</h3>
<span class="code">
<pre>io.cucumber.core.runner.DuplicateStepDefinitionException: Duplicate step definitions in com.automation.steps.web.LoginSteps.openLoginPage() and com.automation.steps.web.CheckoutSteps.openLoginPage()
	at app//io.cucumber.core.runner.CachingGlue.lambda$prepareGlue$3(CachingGlue.java:278)
	at java.base@21.0.7/java.util.ArrayList.forEach(ArrayList.java:1596)
	at app//io.cucumber.core.runner.CachingGlue.prepareGlue(CachingGlue.java:272)
	at app//io.cucumber.core.runner.Runner.runPickle(Runner.java:72)
	at app//io.cucumber.junit.platform.engine.CucumberEngineExecutionContext.lambda$runTestCase$4(CucumberEngineExecutionContext.java:112)
	at app//io.cucumber.core.runtime.CucumberExecutionContext.lambda$runTestCase$5(CucumberExecutionContext.java:137)
	at app//io.cucumber.core.runtime.RethrowingThrowableCollector.executeAndThrow(RethrowingThrowableCollector.java:23)
	at app//io.cucumber.core.runtime.CucumberExecutionContext.runTestCase(CucumberExecutionContext.java:137)
	at app//io.cucumber.junit.platform.engine.CucumberEngineExecutionContext.runTestCase(CucumberEngineExecutionContext.java:109)
	at app//io.cucumber.junit.platform.engine.NodeDescriptor$PickleDescriptor.execute(NodeDescriptor.java:168)
	at app//io.cucumber.junit.platform.engine.NodeDescriptor$PickleDescriptor.execute(NodeDescriptor.java:90)
	at java.base@21.0.7/java.util.ArrayList.forEach(ArrayList.java:1596)
	at java.base@21.0.7/java.util.ArrayList.forEach(ArrayList.java:1596)
</pre>
</span>
</div>
<div class="test">
<a name="User API Testing - Delete user with invalid ID - Negative Test"></a>
<h3 class="failures">User API Testing - Delete user with invalid ID - Negative Test</h3>
<span class="code">
<pre>io.cucumber.core.runner.DuplicateStepDefinitionException: Duplicate step definitions in com.automation.steps.web.LoginSteps.openLoginPage() and com.automation.steps.web.CheckoutSteps.openLoginPage()
	at app//io.cucumber.core.runner.CachingGlue.lambda$prepareGlue$3(CachingGlue.java:278)
	at java.base@21.0.7/java.util.ArrayList.forEach(ArrayList.java:1596)
	at app//io.cucumber.core.runner.CachingGlue.prepareGlue(CachingGlue.java:272)
	at app//io.cucumber.core.runner.Runner.runPickle(Runner.java:72)
	at app//io.cucumber.junit.platform.engine.CucumberEngineExecutionContext.lambda$runTestCase$4(CucumberEngineExecutionContext.java:112)
	at app//io.cucumber.core.runtime.CucumberExecutionContext.lambda$runTestCase$5(CucumberExecutionContext.java:137)
	at app//io.cucumber.core.runtime.RethrowingThrowableCollector.executeAndThrow(RethrowingThrowableCollector.java:23)
	at app//io.cucumber.core.runtime.CucumberExecutionContext.runTestCase(CucumberExecutionContext.java:137)
	at app//io.cucumber.junit.platform.engine.CucumberEngineExecutionContext.runTestCase(CucumberEngineExecutionContext.java:109)
	at app//io.cucumber.junit.platform.engine.NodeDescriptor$PickleDescriptor.execute(NodeDescriptor.java:168)
	at app//io.cucumber.junit.platform.engine.NodeDescriptor$PickleDescriptor.execute(NodeDescriptor.java:90)
	at java.base@21.0.7/java.util.ArrayList.forEach(ArrayList.java:1596)
	at java.base@21.0.7/java.util.ArrayList.forEach(ArrayList.java:1596)
</pre>
</span>
</div>
<div class="test">
<a name="User API Testing - Delete user with valid ID - Negative Test"></a>
<h3 class="failures">User API Testing - Delete user with valid ID - Negative Test</h3>
<span class="code">
<pre>io.cucumber.core.runner.DuplicateStepDefinitionException: Duplicate step definitions in com.automation.steps.web.LoginSteps.openLoginPage() and com.automation.steps.web.CheckoutSteps.openLoginPage()
	at app//io.cucumber.core.runner.CachingGlue.lambda$prepareGlue$3(CachingGlue.java:278)
	at java.base@21.0.7/java.util.ArrayList.forEach(ArrayList.java:1596)
	at app//io.cucumber.core.runner.CachingGlue.prepareGlue(CachingGlue.java:272)
	at app//io.cucumber.core.runner.Runner.runPickle(Runner.java:72)
	at app//io.cucumber.junit.platform.engine.CucumberEngineExecutionContext.lambda$runTestCase$4(CucumberEngineExecutionContext.java:112)
	at app//io.cucumber.core.runtime.CucumberExecutionContext.lambda$runTestCase$5(CucumberExecutionContext.java:137)
	at app//io.cucumber.core.runtime.RethrowingThrowableCollector.executeAndThrow(RethrowingThrowableCollector.java:23)
	at app//io.cucumber.core.runtime.CucumberExecutionContext.runTestCase(CucumberExecutionContext.java:137)
	at app//io.cucumber.junit.platform.engine.CucumberEngineExecutionContext.runTestCase(CucumberEngineExecutionContext.java:109)
	at app//io.cucumber.junit.platform.engine.NodeDescriptor$PickleDescriptor.execute(NodeDescriptor.java:168)
	at app//io.cucumber.junit.platform.engine.NodeDescriptor$PickleDescriptor.execute(NodeDescriptor.java:90)
	at java.base@21.0.7/java.util.ArrayList.forEach(ArrayList.java:1596)
	at java.base@21.0.7/java.util.ArrayList.forEach(ArrayList.java:1596)
</pre>
</span>
</div>
<div class="test">
<a name="User API Testing - Get all tags - Positive Test"></a>
<h3 class="failures">User API Testing - Get all tags - Positive Test</h3>
<span class="code">
<pre>io.cucumber.core.runner.DuplicateStepDefinitionException: Duplicate step definitions in com.automation.steps.web.LoginSteps.openLoginPage() and com.automation.steps.web.CheckoutSteps.openLoginPage()
	at app//io.cucumber.core.runner.CachingGlue.lambda$prepareGlue$3(CachingGlue.java:278)
	at java.base@21.0.7/java.util.ArrayList.forEach(ArrayList.java:1596)
	at app//io.cucumber.core.runner.CachingGlue.prepareGlue(CachingGlue.java:272)
	at app//io.cucumber.core.runner.Runner.runPickle(Runner.java:72)
	at app//io.cucumber.junit.platform.engine.CucumberEngineExecutionContext.lambda$runTestCase$4(CucumberEngineExecutionContext.java:112)
	at app//io.cucumber.core.runtime.CucumberExecutionContext.lambda$runTestCase$5(CucumberExecutionContext.java:137)
	at app//io.cucumber.core.runtime.RethrowingThrowableCollector.executeAndThrow(RethrowingThrowableCollector.java:23)
	at app//io.cucumber.core.runtime.CucumberExecutionContext.runTestCase(CucumberExecutionContext.java:137)
	at app//io.cucumber.junit.platform.engine.CucumberEngineExecutionContext.runTestCase(CucumberEngineExecutionContext.java:109)
	at app//io.cucumber.junit.platform.engine.NodeDescriptor$PickleDescriptor.execute(NodeDescriptor.java:168)
	at app//io.cucumber.junit.platform.engine.NodeDescriptor$PickleDescriptor.execute(NodeDescriptor.java:90)
	at java.base@21.0.7/java.util.ArrayList.forEach(ArrayList.java:1596)
	at java.base@21.0.7/java.util.ArrayList.forEach(ArrayList.java:1596)
</pre>
</span>
</div>
<div class="test">
<a name="User API Testing - Get user by invalid ID - Negative Test"></a>
<h3 class="failures">User API Testing - Get user by invalid ID - Negative Test</h3>
<span class="code">
<pre>io.cucumber.core.runner.DuplicateStepDefinitionException: Duplicate step definitions in com.automation.steps.web.LoginSteps.openLoginPage() and com.automation.steps.web.CheckoutSteps.openLoginPage()
	at app//io.cucumber.core.runner.CachingGlue.lambda$prepareGlue$3(CachingGlue.java:278)
	at java.base@21.0.7/java.util.ArrayList.forEach(ArrayList.java:1596)
	at app//io.cucumber.core.runner.CachingGlue.prepareGlue(CachingGlue.java:272)
	at app//io.cucumber.core.runner.Runner.runPickle(Runner.java:72)
	at app//io.cucumber.junit.platform.engine.CucumberEngineExecutionContext.lambda$runTestCase$4(CucumberEngineExecutionContext.java:112)
	at app//io.cucumber.core.runtime.CucumberExecutionContext.lambda$runTestCase$5(CucumberExecutionContext.java:137)
	at app//io.cucumber.core.runtime.RethrowingThrowableCollector.executeAndThrow(RethrowingThrowableCollector.java:23)
	at app//io.cucumber.core.runtime.CucumberExecutionContext.runTestCase(CucumberExecutionContext.java:137)
	at app//io.cucumber.junit.platform.engine.CucumberEngineExecutionContext.runTestCase(CucumberEngineExecutionContext.java:109)
	at app//io.cucumber.junit.platform.engine.NodeDescriptor$PickleDescriptor.execute(NodeDescriptor.java:168)
	at app//io.cucumber.junit.platform.engine.NodeDescriptor$PickleDescriptor.execute(NodeDescriptor.java:90)
	at java.base@21.0.7/java.util.ArrayList.forEach(ArrayList.java:1596)
	at java.base@21.0.7/java.util.ArrayList.forEach(ArrayList.java:1596)
</pre>
</span>
</div>
<div class="test">
<a name="User API Testing - Get user by valid ID - Positive Test"></a>
<h3 class="failures">User API Testing - Get user by valid ID - Positive Test</h3>
<span class="code">
<pre>io.cucumber.core.runner.DuplicateStepDefinitionException: Duplicate step definitions in com.automation.steps.web.LoginSteps.openLoginPage() and com.automation.steps.web.CheckoutSteps.openLoginPage()
	at app//io.cucumber.core.runner.CachingGlue.lambda$prepareGlue$3(CachingGlue.java:278)
	at java.base@21.0.7/java.util.ArrayList.forEach(ArrayList.java:1596)
	at app//io.cucumber.core.runner.CachingGlue.prepareGlue(CachingGlue.java:272)
	at app//io.cucumber.core.runner.Runner.runPickle(Runner.java:72)
	at app//io.cucumber.junit.platform.engine.CucumberEngineExecutionContext.lambda$runTestCase$4(CucumberEngineExecutionContext.java:112)
	at app//io.cucumber.core.runtime.CucumberExecutionContext.lambda$runTestCase$5(CucumberExecutionContext.java:137)
	at app//io.cucumber.core.runtime.RethrowingThrowableCollector.executeAndThrow(RethrowingThrowableCollector.java:23)
	at app//io.cucumber.core.runtime.CucumberExecutionContext.runTestCase(CucumberExecutionContext.java:137)
	at app//io.cucumber.junit.platform.engine.CucumberEngineExecutionContext.runTestCase(CucumberEngineExecutionContext.java:109)
	at app//io.cucumber.junit.platform.engine.NodeDescriptor$PickleDescriptor.execute(NodeDescriptor.java:168)
	at app//io.cucumber.junit.platform.engine.NodeDescriptor$PickleDescriptor.execute(NodeDescriptor.java:90)
	at java.base@21.0.7/java.util.ArrayList.forEach(ArrayList.java:1596)
	at java.base@21.0.7/java.util.ArrayList.forEach(ArrayList.java:1596)
</pre>
</span>
</div>
<div class="test">
<a name="User API Testing - Update user with invalid ID - Negative Test"></a>
<h3 class="failures">User API Testing - Update user with invalid ID - Negative Test</h3>
<span class="code">
<pre>io.cucumber.core.runner.DuplicateStepDefinitionException: Duplicate step definitions in com.automation.steps.web.LoginSteps.openLoginPage() and com.automation.steps.web.CheckoutSteps.openLoginPage()
	at app//io.cucumber.core.runner.CachingGlue.lambda$prepareGlue$3(CachingGlue.java:278)
	at java.base@21.0.7/java.util.ArrayList.forEach(ArrayList.java:1596)
	at app//io.cucumber.core.runner.CachingGlue.prepareGlue(CachingGlue.java:272)
	at app//io.cucumber.core.runner.Runner.runPickle(Runner.java:72)
	at app//io.cucumber.junit.platform.engine.CucumberEngineExecutionContext.lambda$runTestCase$4(CucumberEngineExecutionContext.java:112)
	at app//io.cucumber.core.runtime.CucumberExecutionContext.lambda$runTestCase$5(CucumberExecutionContext.java:137)
	at app//io.cucumber.core.runtime.RethrowingThrowableCollector.executeAndThrow(RethrowingThrowableCollector.java:23)
	at app//io.cucumber.core.runtime.CucumberExecutionContext.runTestCase(CucumberExecutionContext.java:137)
	at app//io.cucumber.junit.platform.engine.CucumberEngineExecutionContext.runTestCase(CucumberEngineExecutionContext.java:109)
	at app//io.cucumber.junit.platform.engine.NodeDescriptor$PickleDescriptor.execute(NodeDescriptor.java:168)
	at app//io.cucumber.junit.platform.engine.NodeDescriptor$PickleDescriptor.execute(NodeDescriptor.java:90)
	at java.base@21.0.7/java.util.ArrayList.forEach(ArrayList.java:1596)
	at java.base@21.0.7/java.util.ArrayList.forEach(ArrayList.java:1596)
</pre>
</span>
</div>
<div class="test">
<a name="User API Testing - Update user with valid ID and payload - Negative Test"></a>
<h3 class="failures">User API Testing - Update user with valid ID and payload - Negative Test</h3>
<span class="code">
<pre>io.cucumber.core.runner.DuplicateStepDefinitionException: Duplicate step definitions in com.automation.steps.web.LoginSteps.openLoginPage() and com.automation.steps.web.CheckoutSteps.openLoginPage()
	at app//io.cucumber.core.runner.CachingGlue.lambda$prepareGlue$3(CachingGlue.java:278)
	at java.base@21.0.7/java.util.ArrayList.forEach(ArrayList.java:1596)
	at app//io.cucumber.core.runner.CachingGlue.prepareGlue(CachingGlue.java:272)
	at app//io.cucumber.core.runner.Runner.runPickle(Runner.java:72)
	at app//io.cucumber.junit.platform.engine.CucumberEngineExecutionContext.lambda$runTestCase$4(CucumberEngineExecutionContext.java:112)
	at app//io.cucumber.core.runtime.CucumberExecutionContext.lambda$runTestCase$5(CucumberExecutionContext.java:137)
	at app//io.cucumber.core.runtime.RethrowingThrowableCollector.executeAndThrow(RethrowingThrowableCollector.java:23)
	at app//io.cucumber.core.runtime.CucumberExecutionContext.runTestCase(CucumberExecutionContext.java:137)
	at app//io.cucumber.junit.platform.engine.CucumberEngineExecutionContext.runTestCase(CucumberEngineExecutionContext.java:109)
	at app//io.cucumber.junit.platform.engine.NodeDescriptor$PickleDescriptor.execute(NodeDescriptor.java:168)
	at app//io.cucumber.junit.platform.engine.NodeDescriptor$PickleDescriptor.execute(NodeDescriptor.java:90)
	at java.base@21.0.7/java.util.ArrayList.forEach(ArrayList.java:1596)
	at java.base@21.0.7/java.util.ArrayList.forEach(ArrayList.java:1596)
</pre>
</span>
</div>
</div>
<div id="tab1" class="tab">
<h2>Tests</h2>
<table>
<thead>
<tr>
<th>Test</th>
<th>Duration</th>
<th>Result</th>
</tr>
</thead>
<tr>
<td class="failures">Add product to cart on SauceDemo - Add an existing product to cart</td>
<td class="failures">0.009s</td>
<td class="failures">failed</td>
</tr>
<tr>
<td class="failures">Add product to cart on SauceDemo - Attempt to checkout with empty cart</td>
<td class="failures">0.005s</td>
<td class="failures">failed</td>
</tr>
<tr>
<td class="failures">Checkout flow on SauceDemo - Full checkout process and logout</td>
<td class="failures">0.005s</td>
<td class="failures">failed</td>
</tr>
<tr>
<td class="failures">SauceDemo Website Login - Failed login with empty credentials</td>
<td class="failures">0.010s</td>
<td class="failures">failed</td>
</tr>
<tr>
<td class="failures">SauceDemo Website Login - Failed login with invalid password</td>
<td class="failures">0.007s</td>
<td class="failures">failed</td>
</tr>
<tr>
<td class="failures">SauceDemo Website Login - Failed login with invalid username</td>
<td class="failures">0.025s</td>
<td class="failures">failed</td>
</tr>
<tr>
<td class="failures">SauceDemo Website Login - Successful login with valid credentials</td>
<td class="failures">0.005s</td>
<td class="failures">failed</td>
</tr>
<tr>
<td class="failures">User API Testing - Create new user with valid payload - Positive Test</td>
<td class="failures">0.008s</td>
<td class="failures">failed</td>
</tr>
<tr>
<td class="failures">User API Testing - Create user with invalid email format - Negative Test</td>
<td class="failures">0.010s</td>
<td class="failures">failed</td>
</tr>
<tr>
<td class="failures">User API Testing - Create user with invalid payload - Negative Test</td>
<td class="failures">0.005s</td>
<td class="failures">failed</td>
</tr>
<tr>
<td class="failures">User API Testing - Delete user with invalid ID - Negative Test</td>
<td class="failures">0.005s</td>
<td class="failures">failed</td>
</tr>
<tr>
<td class="failures">User API Testing - Delete user with valid ID - Negative Test</td>
<td class="failures">0.014s</td>
<td class="failures">failed</td>
</tr>
<tr>
<td class="failures">User API Testing - Get all tags - Positive Test</td>
<td class="failures">0.012s</td>
<td class="failures">failed</td>
</tr>
<tr>
<td class="failures">User API Testing - Get user by invalid ID - Negative Test</td>
<td class="failures">0.007s</td>
<td class="failures">failed</td>
</tr>
<tr>
<td class="failures">User API Testing - Get user by valid ID - Positive Test</td>
<td class="failures">0.014s</td>
<td class="failures">failed</td>
</tr>
<tr>
<td class="failures">User API Testing - Update user with invalid ID - Negative Test</td>
<td class="failures">0.016s</td>
<td class="failures">failed</td>
</tr>
<tr>
<td class="failures">User API Testing - Update user with valid ID and payload - Negative Test</td>
<td class="failures">0.009s</td>
<td class="failures">failed</td>
</tr>
</table>
</div>
<div id="tab2" class="tab">
<h2>Standard output</h2>
<span class="code">
<pre>      ?[31mio.cucumber.core.exception.CompositeCucumberException: There were 17 exceptions. The details are in the stacktrace below.
	at io.cucumber.core.runtime.RethrowingThrowableCollector.getThrowable(RethrowingThrowableCollector.java:57)
	at io.cucumber.core.runtime.CucumberExecutionContext.getThrowable(CucumberExecutionContext.java:109)
	at io.cucumber.core.runtime.CucumberExecutionContext.finishTestRun(CucumberExecutionContext.java:104)
	at io.cucumber.junit.platform.engine.CucumberEngineExecutionContext.finishTestRun(CucumberEngineExecutionContext.java:126)
	at io.cucumber.junit.platform.engine.CucumberEngineDescriptor.ifChildren(CucumberEngineDescriptor.java:51)
	at io.cucumber.junit.platform.engine.CucumberEngineDescriptor.cleanUp(CucumberEngineDescriptor.java:36)
	at io.cucumber.junit.platform.engine.CucumberEngineDescriptor.cleanUp(CucumberEngineDescriptor.java:11)
	at org.junit.platform.engine.support.hierarchical.NodeTestTask.lambda$cleanUp$10(NodeTestTask.java:167)
	at org.junit.platform.engine.support.hierarchical.ThrowableCollector.execute(ThrowableCollector.java:73)
	at org.junit.platform.engine.support.hierarchical.NodeTestTask.cleanUp(NodeTestTask.java:167)
	at org.junit.platform.engine.support.hierarchical.NodeTestTask.execute(NodeTestTask.java:98)
	at org.junit.platform.engine.support.hierarchical.SameThreadHierarchicalTestExecutorService.submit(SameThreadHierarchicalTestExecutorService.java:35)
	at org.junit.platform.engine.support.hierarchical.HierarchicalTestExecutor.execute(HierarchicalTestExecutor.java:57)
	at org.junit.platform.engine.support.hierarchical.HierarchicalTestEngine.execute(HierarchicalTestEngine.java:54)
	at org.junit.platform.launcher.core.EngineExecutionOrchestrator.execute(EngineExecutionOrchestrator.java:198)
	at org.junit.platform.launcher.core.EngineExecutionOrchestrator.execute(EngineExecutionOrchestrator.java:169)
	at org.junit.platform.launcher.core.EngineExecutionOrchestrator.execute(EngineExecutionOrchestrator.java:93)
	at org.junit.platform.launcher.core.EngineExecutionOrchestrator.execute(EngineExecutionOrchestrator.java:76)
	at org.junit.platform.suite.engine.SuiteLauncher.execute(SuiteLauncher.java:63)
	at org.junit.platform.suite.engine.SuiteTestDescriptor.execute(SuiteTestDescriptor.java:128)
	at org.junit.platform.suite.engine.SuiteTestEngine.lambda$execute$0(SuiteTestEngine.java:73)
	at java.base/java.util.stream.ForEachOps$ForEachOp$OfRef.accept(ForEachOps.java:184)
	at java.base/java.util.stream.ReferencePipeline$3$1.accept(ReferencePipeline.java:197)
	at java.base/java.util.Iterator.forEachRemaining(Iterator.java:133)
	at java.base/java.util.Spliterators$IteratorSpliterator.forEachRemaining(Spliterators.java:1939)
	at java.base/java.util.stream.AbstractPipeline.copyInto(AbstractPipeline.java:509)
	at java.base/java.util.stream.AbstractPipeline.wrapAndCopyInto(AbstractPipeline.java:499)
	at java.base/java.util.stream.ForEachOps$ForEachOp.evaluateSequential(ForEachOps.java:151)
	at java.base/java.util.stream.ForEachOps$ForEachOp$OfRef.evaluateSequential(ForEachOps.java:174)
	at java.base/java.util.stream.AbstractPipeline.evaluate(AbstractPipeline.java:234)
	at java.base/java.util.stream.ReferencePipeline.forEach(ReferencePipeline.java:596)
	at org.junit.platform.suite.engine.SuiteTestEngine.execute(SuiteTestEngine.java:73)
	at org.junit.platform.launcher.core.EngineExecutionOrchestrator.execute(EngineExecutionOrchestrator.java:198)
	at org.junit.platform.launcher.core.EngineExecutionOrchestrator.execute(EngineExecutionOrchestrator.java:169)
	at org.junit.platform.launcher.core.EngineExecutionOrchestrator.execute(EngineExecutionOrchestrator.java:93)
	at org.junit.platform.launcher.core.EngineExecutionOrchestrator.lambda$execute$0(EngineExecutionOrchestrator.java:58)
	at org.junit.platform.launcher.core.EngineExecutionOrchestrator.withInterceptedStreams(EngineExecutionOrchestrator.java:141)
	at org.junit.platform.launcher.core.EngineExecutionOrchestrator.execute(EngineExecutionOrchestrator.java:57)
	at org.junit.platform.launcher.core.DefaultLauncher.execute(DefaultLauncher.java:103)
	at org.junit.platform.launcher.core.DefaultLauncher.execute(DefaultLauncher.java:85)
	at org.junit.platform.launcher.core.DelegatingLauncher.execute(DelegatingLauncher.java:47)
	at org.gradle.api.internal.tasks.testing.junitplatform.JUnitPlatformTestClassProcessor$CollectAllTestClassesExecutor.processAllTestClasses(JUnitPlatformTestClassProcessor.java:119)
	at org.gradle.api.internal.tasks.testing.junitplatform.JUnitPlatformTestClassProcessor$CollectAllTestClassesExecutor.access$000(JUnitPlatformTestClassProcessor.java:94)
	at org.gradle.api.internal.tasks.testing.junitplatform.JUnitPlatformTestClassProcessor.stop(JUnitPlatformTestClassProcessor.java:89)
	at org.gradle.api.internal.tasks.testing.SuiteTestClassProcessor.stop(SuiteTestClassProcessor.java:62)
	at java.base/jdk.internal.reflect.DirectMethodHandleAccessor.invoke(DirectMethodHandleAccessor.java:103)
	at java.base/java.lang.reflect.Method.invoke(Method.java:580)
	at org.gradle.internal.dispatch.ReflectionDispatch.dispatch(ReflectionDispatch.java:36)
	at org.gradle.internal.dispatch.ReflectionDispatch.dispatch(ReflectionDispatch.java:24)
	at org.gradle.internal.dispatch.ContextClassLoaderDispatch.dispatch(ContextClassLoaderDispatch.java:33)
	at org.gradle.internal.dispatch.ProxyDispatchAdapter$DispatchingInvocationHandler.invoke(ProxyDispatchAdapter.java:94)
	at jdk.proxy1/jdk.proxy1.$Proxy2.stop(Unknown Source)
	at org.gradle.api.internal.tasks.testing.worker.TestWorker$3.run(TestWorker.java:193)
	at org.gradle.api.internal.tasks.testing.worker.TestWorker.executeAndMaintainThreadName(TestWorker.java:129)
	at org.gradle.api.internal.tasks.testing.worker.TestWorker.execute(TestWorker.java:100)
	at org.gradle.api.internal.tasks.testing.worker.TestWorker.execute(TestWorker.java:60)
	at org.gradle.process.internal.worker.child.ActionExecutionWorker.execute(ActionExecutionWorker.java:56)
	at org.gradle.process.internal.worker.child.SystemApplicationClassLoaderWorker.call(SystemApplicationClassLoaderWorker.java:113)
	at org.gradle.process.internal.worker.child.SystemApplicationClassLoaderWorker.call(SystemApplicationClassLoaderWorker.java:65)
	at worker.org.gradle.process.internal.worker.GradleWorkerMain.run(GradleWorkerMain.java:69)
	at worker.org.gradle.process.internal.worker.GradleWorkerMain.main(GradleWorkerMain.java:74)
	Suppressed: io.cucumber.core.runner.DuplicateStepDefinitionException: Duplicate step definitions in com.automation.steps.web.LoginSteps.openLoginPage() and com.automation.steps.web.CheckoutSteps.openLoginPage()
		at io.cucumber.core.runner.CachingGlue.lambda$prepareGlue$3(CachingGlue.java:278)
		at java.base/java.util.ArrayList.forEach(ArrayList.java:1596)
		at io.cucumber.core.runner.CachingGlue.prepareGlue(CachingGlue.java:272)
		at io.cucumber.core.runner.Runner.runPickle(Runner.java:72)
		at io.cucumber.junit.platform.engine.CucumberEngineExecutionContext.lambda$runTestCase$4(CucumberEngineExecutionContext.java:112)
		at io.cucumber.core.runtime.CucumberExecutionContext.lambda$runTestCase$5(CucumberExecutionContext.java:137)
		at io.cucumber.core.runtime.RethrowingThrowableCollector.executeAndThrow(RethrowingThrowableCollector.java:23)
		at io.cucumber.core.runtime.CucumberExecutionContext.runTestCase(CucumberExecutionContext.java:137)
		at io.cucumber.junit.platform.engine.CucumberEngineExecutionContext.runTestCase(CucumberEngineExecutionContext.java:109)
		at io.cucumber.junit.platform.engine.NodeDescriptor$PickleDescriptor.execute(NodeDescriptor.java:168)
		at io.cucumber.junit.platform.engine.NodeDescriptor$PickleDescriptor.execute(NodeDescriptor.java:90)
		at java.base/java.util.ArrayList.forEach(ArrayList.java:1596)
		at java.base/java.util.ArrayList.forEach(ArrayList.java:1596)
	Suppressed: io.cucumber.core.runner.DuplicateStepDefinitionException: Duplicate step definitions in com.automation.steps.web.LoginSteps.openLoginPage() and com.automation.steps.web.CheckoutSteps.openLoginPage()
		at io.cucumber.core.runner.CachingGlue.lambda$prepareGlue$3(CachingGlue.java:278)
		at java.base/java.util.ArrayList.forEach(ArrayList.java:1596)
		at io.cucumber.core.runner.CachingGlue.prepareGlue(CachingGlue.java:272)
		at io.cucumber.core.runner.Runner.runPickle(Runner.java:72)
		at io.cucumber.junit.platform.engine.CucumberEngineExecutionContext.lambda$runTestCase$4(CucumberEngineExecutionContext.java:112)
		at io.cucumber.core.runtime.CucumberExecutionContext.lambda$runTestCase$5(CucumberExecutionContext.java:137)
		at io.cucumber.core.runtime.RethrowingThrowableCollector.executeAndThrow(RethrowingThrowableCollector.java:23)
		at io.cucumber.core.runtime.CucumberExecutionContext.runTestCase(CucumberExecutionContext.java:137)
		at io.cucumber.junit.platform.engine.CucumberEngineExecutionContext.runTestCase(CucumberEngineExecutionContext.java:109)
		at io.cucumber.junit.platform.engine.NodeDescriptor$PickleDescriptor.execute(NodeDescriptor.java:168)
		at io.cucumber.junit.platform.engine.NodeDescriptor$PickleDescriptor.execute(NodeDescriptor.java:90)
		at java.base/java.util.ArrayList.forEach(ArrayList.java:1596)
		at java.base/java.util.ArrayList.forEach(ArrayList.java:1596)
	Suppressed: io.cucumber.core.runner.DuplicateStepDefinitionException: Duplicate step definitions in com.automation.steps.web.LoginSteps.openLoginPage() and com.automation.steps.web.CheckoutSteps.openLoginPage()
		at io.cucumber.core.runner.CachingGlue.lambda$prepareGlue$3(CachingGlue.java:278)
		at java.base/java.util.ArrayList.forEach(ArrayList.java:1596)
		at io.cucumber.core.runner.CachingGlue.prepareGlue(CachingGlue.java:272)
		at io.cucumber.core.runner.Runner.runPickle(Runner.java:72)
		at io.cucumber.junit.platform.engine.CucumberEngineExecutionContext.lambda$runTestCase$4(CucumberEngineExecutionContext.java:112)
		at io.cucumber.core.runtime.CucumberExecutionContext.lambda$runTestCase$5(CucumberExecutionContext.java:137)
		at io.cucumber.core.runtime.RethrowingThrowableCollector.executeAndThrow(RethrowingThrowableCollector.java:23)
		at io.cucumber.core.runtime.CucumberExecutionContext.runTestCase(CucumberExecutionContext.java:137)
		at io.cucumber.junit.platform.engine.CucumberEngineExecutionContext.runTestCase(CucumberEngineExecutionContext.java:109)
		at io.cucumber.junit.platform.engine.NodeDescriptor$PickleDescriptor.execute(NodeDescriptor.java:168)
		at io.cucumber.junit.platform.engine.NodeDescriptor$PickleDescriptor.execute(NodeDescriptor.java:90)
		at java.base/java.util.ArrayList.forEach(ArrayList.java:1596)
		at java.base/java.util.ArrayList.forEach(ArrayList.java:1596)
	Suppressed: io.cucumber.core.runner.DuplicateStepDefinitionException: Duplicate step definitions in com.automation.steps.web.LoginSteps.openLoginPage() and com.automation.steps.web.CheckoutSteps.openLoginPage()
		at io.cucumber.core.runner.CachingGlue.lambda$prepareGlue$3(CachingGlue.java:278)
		at java.base/java.util.ArrayList.forEach(ArrayList.java:1596)
		at io.cucumber.core.runner.CachingGlue.prepareGlue(CachingGlue.java:272)
		at io.cucumber.core.runner.Runner.runPickle(Runner.java:72)
		at io.cucumber.junit.platform.engine.CucumberEngineExecutionContext.lambda$runTestCase$4(CucumberEngineExecutionContext.java:112)
		at io.cucumber.core.runtime.CucumberExecutionContext.lambda$runTestCase$5(CucumberExecutionContext.java:137)
		at io.cucumber.core.runtime.RethrowingThrowableCollector.executeAndThrow(RethrowingThrowableCollector.java:23)
		at io.cucumber.core.runtime.CucumberExecutionContext.runTestCase(CucumberExecutionContext.java:137)
		at io.cucumber.junit.platform.engine.CucumberEngineExecutionContext.runTestCase(CucumberEngineExecutionContext.java:109)
		at io.cucumber.junit.platform.engine.NodeDescriptor$PickleDescriptor.execute(NodeDescriptor.java:168)
		at io.cucumber.junit.platform.engine.NodeDescriptor$PickleDescriptor.execute(NodeDescriptor.java:90)
		at java.base/java.util.ArrayList.forEach(ArrayList.java:1596)
		at java.base/java.util.ArrayList.forEach(ArrayList.java:1596)
	Suppressed: io.cucumber.core.runner.DuplicateStepDefinitionException: Duplicate step definitions in com.automation.steps.web.LoginSteps.openLoginPage() and com.automation.steps.web.CheckoutSteps.openLoginPage()
		at io.cucumber.core.runner.CachingGlue.lambda$prepareGlue$3(CachingGlue.java:278)
		at java.base/java.util.ArrayList.forEach(ArrayList.java:1596)
		at io.cucumber.core.runner.CachingGlue.prepareGlue(CachingGlue.java:272)
		at io.cucumber.core.runner.Runner.runPickle(Runner.java:72)
		at io.cucumber.junit.platform.engine.CucumberEngineExecutionContext.lambda$runTestCase$4(CucumberEngineExecutionContext.java:112)
		at io.cucumber.core.runtime.CucumberExecutionContext.lambda$runTestCase$5(CucumberExecutionContext.java:137)
		at io.cucumber.core.runtime.RethrowingThrowableCollector.executeAndThrow(RethrowingThrowableCollector.java:23)
		at io.cucumber.core.runtime.CucumberExecutionContext.runTestCase(CucumberExecutionContext.java:137)
		at io.cucumber.junit.platform.engine.CucumberEngineExecutionContext.runTestCase(CucumberEngineExecutionContext.java:109)
		at io.cucumber.junit.platform.engine.NodeDescriptor$PickleDescriptor.execute(NodeDescriptor.java:168)
		at io.cucumber.junit.platform.engine.NodeDescriptor$PickleDescriptor.execute(NodeDescriptor.java:90)
		at java.base/java.util.ArrayList.forEach(ArrayList.java:1596)
		at java.base/java.util.ArrayList.forEach(ArrayList.java:1596)
	Suppressed: io.cucumber.core.runner.DuplicateStepDefinitionException: Duplicate step definitions in com.automation.steps.web.LoginSteps.openLoginPage() and com.automation.steps.web.CheckoutSteps.openLoginPage()
		at io.cucumber.core.runner.CachingGlue.lambda$prepareGlue$3(CachingGlue.java:278)
		at java.base/java.util.ArrayList.forEach(ArrayList.java:1596)
		at io.cucumber.core.runner.CachingGlue.prepareGlue(CachingGlue.java:272)
		at io.cucumber.core.runner.Runner.runPickle(Runner.java:72)
		at io.cucumber.junit.platform.engine.CucumberEngineExecutionContext.lambda$runTestCase$4(CucumberEngineExecutionContext.java:112)
		at io.cucumber.core.runtime.CucumberExecutionContext.lambda$runTestCase$5(CucumberExecutionContext.java:137)
		at io.cucumber.core.runtime.RethrowingThrowableCollector.executeAndThrow(RethrowingThrowableCollector.java:23)
		at io.cucumber.core.runtime.CucumberExecutionContext.runTestCase(CucumberExecutionContext.java:137)
		at io.cucumber.junit.platform.engine.CucumberEngineExecutionContext.runTestCase(CucumberEngineExecutionContext.java:109)
		at io.cucumber.junit.platform.engine.NodeDescriptor$PickleDescriptor.execute(NodeDescriptor.java:168)
		at io.cucumber.junit.platform.engine.NodeDescriptor$PickleDescriptor.execute(NodeDescriptor.java:90)
		at java.base/java.util.ArrayList.forEach(ArrayList.java:1596)
		at java.base/java.util.ArrayList.forEach(ArrayList.java:1596)
	Suppressed: io.cucumber.core.runner.DuplicateStepDefinitionException: Duplicate step definitions in com.automation.steps.web.LoginSteps.openLoginPage() and com.automation.steps.web.CheckoutSteps.openLoginPage()
		at io.cucumber.core.runner.CachingGlue.lambda$prepareGlue$3(CachingGlue.java:278)
		at java.base/java.util.ArrayList.forEach(ArrayList.java:1596)
		at io.cucumber.core.runner.CachingGlue.prepareGlue(CachingGlue.java:272)
		at io.cucumber.core.runner.Runner.runPickle(Runner.java:72)
		at io.cucumber.junit.platform.engine.CucumberEngineExecutionContext.lambda$runTestCase$4(CucumberEngineExecutionContext.java:112)
		at io.cucumber.core.runtime.CucumberExecutionContext.lambda$runTestCase$5(CucumberExecutionContext.java:137)
		at io.cucumber.core.runtime.RethrowingThrowableCollector.executeAndThrow(RethrowingThrowableCollector.java:23)
		at io.cucumber.core.runtime.CucumberExecutionContext.runTestCase(CucumberExecutionContext.java:137)
		at io.cucumber.junit.platform.engine.CucumberEngineExecutionContext.runTestCase(CucumberEngineExecutionContext.java:109)
		at io.cucumber.junit.platform.engine.NodeDescriptor$PickleDescriptor.execute(NodeDescriptor.java:168)
		at io.cucumber.junit.platform.engine.NodeDescriptor$PickleDescriptor.execute(NodeDescriptor.java:90)
		at java.base/java.util.ArrayList.forEach(ArrayList.java:1596)
		at java.base/java.util.ArrayList.forEach(ArrayList.java:1596)
	Suppressed: io.cucumber.core.runner.DuplicateStepDefinitionException: Duplicate step definitions in com.automation.steps.web.LoginSteps.openLoginPage() and com.automation.steps.web.CheckoutSteps.openLoginPage()
		at io.cucumber.core.runner.CachingGlue.lambda$prepareGlue$3(CachingGlue.java:278)
		at java.base/java.util.ArrayList.forEach(ArrayList.java:1596)
		at io.cucumber.core.runner.CachingGlue.prepareGlue(CachingGlue.java:272)
		at io.cucumber.core.runner.Runner.runPickle(Runner.java:72)
		at io.cucumber.junit.platform.engine.CucumberEngineExecutionContext.lambda$runTestCase$4(CucumberEngineExecutionContext.java:112)
		at io.cucumber.core.runtime.CucumberExecutionContext.lambda$runTestCase$5(CucumberExecutionContext.java:137)
		at io.cucumber.core.runtime.RethrowingThrowableCollector.executeAndThrow(RethrowingThrowableCollector.java:23)
		at io.cucumber.core.runtime.CucumberExecutionContext.runTestCase(CucumberExecutionContext.java:137)
		at io.cucumber.junit.platform.engine.CucumberEngineExecutionContext.runTestCase(CucumberEngineExecutionContext.java:109)
		at io.cucumber.junit.platform.engine.NodeDescriptor$PickleDescriptor.execute(NodeDescriptor.java:168)
		at io.cucumber.junit.platform.engine.NodeDescriptor$PickleDescriptor.execute(NodeDescriptor.java:90)
		at java.base/java.util.ArrayList.forEach(ArrayList.java:1596)
		at java.base/java.util.ArrayList.forEach(ArrayList.java:1596)
	Suppressed: io.cucumber.core.runner.DuplicateStepDefinitionException: Duplicate step definitions in com.automation.steps.web.LoginSteps.openLoginPage() and com.automation.steps.web.CheckoutSteps.openLoginPage()
		at io.cucumber.core.runner.CachingGlue.lambda$prepareGlue$3(CachingGlue.java:278)
		at java.base/java.util.ArrayList.forEach(ArrayList.java:1596)
		at io.cucumber.core.runner.CachingGlue.prepareGlue(CachingGlue.java:272)
		at io.cucumber.core.runner.Runner.runPickle(Runner.java:72)
		at io.cucumber.junit.platform.engine.CucumberEngineExecutionContext.lambda$runTestCase$4(CucumberEngineExecutionContext.java:112)
		at io.cucumber.core.runtime.CucumberExecutionContext.lambda$runTestCase$5(CucumberExecutionContext.java:137)
		at io.cucumber.core.runtime.RethrowingThrowableCollector.executeAndThrow(RethrowingThrowableCollector.java:23)
		at io.cucumber.core.runtime.CucumberExecutionContext.runTestCase(CucumberExecutionContext.java:137)
		at io.cucumber.junit.platform.engine.CucumberEngineExecutionContext.runTestCase(CucumberEngineExecutionContext.java:109)
		at io.cucumber.junit.platform.engine.NodeDescriptor$PickleDescriptor.execute(NodeDescriptor.java:168)
		at io.cucumber.junit.platform.engine.NodeDescriptor$PickleDescriptor.execute(NodeDescriptor.java:90)
		at java.base/java.util.ArrayList.forEach(ArrayList.java:1596)
		at java.base/java.util.ArrayList.forEach(ArrayList.java:1596)
	Suppressed: io.cucumber.core.runner.DuplicateStepDefinitionException: Duplicate step definitions in com.automation.steps.web.LoginSteps.openLoginPage() and com.automation.steps.web.CheckoutSteps.openLoginPage()
		at io.cucumber.core.runner.CachingGlue.lambda$prepareGlue$3(CachingGlue.java:278)
		at java.base/java.util.ArrayList.forEach(ArrayList.java:1596)
		at io.cucumber.core.runner.CachingGlue.prepareGlue(CachingGlue.java:272)
		at io.cucumber.core.runner.Runner.runPickle(Runner.java:72)
		at io.cucumber.junit.platform.engine.CucumberEngineExecutionContext.lambda$runTestCase$4(CucumberEngineExecutionContext.java:112)
		at io.cucumber.core.runtime.CucumberExecutionContext.lambda$runTestCase$5(CucumberExecutionContext.java:137)
		at io.cucumber.core.runtime.RethrowingThrowableCollector.executeAndThrow(RethrowingThrowableCollector.java:23)
		at io.cucumber.core.runtime.CucumberExecutionContext.runTestCase(CucumberExecutionContext.java:137)
		at io.cucumber.junit.platform.engine.CucumberEngineExecutionContext.runTestCase(CucumberEngineExecutionContext.java:109)
		at io.cucumber.junit.platform.engine.NodeDescriptor$PickleDescriptor.execute(NodeDescriptor.java:168)
		at io.cucumber.junit.platform.engine.NodeDescriptor$PickleDescriptor.execute(NodeDescriptor.java:90)
		at java.base/java.util.ArrayList.forEach(ArrayList.java:1596)
		at java.base/java.util.ArrayList.forEach(ArrayList.java:1596)
	Suppressed: io.cucumber.core.runner.DuplicateStepDefinitionException: Duplicate step definitions in com.automation.steps.web.LoginSteps.openLoginPage() and com.automation.steps.web.CheckoutSteps.openLoginPage()
		at io.cucumber.core.runner.CachingGlue.lambda$prepareGlue$3(CachingGlue.java:278)
		at java.base/java.util.ArrayList.forEach(ArrayList.java:1596)
		at io.cucumber.core.runner.CachingGlue.prepareGlue(CachingGlue.java:272)
		at io.cucumber.core.runner.Runner.runPickle(Runner.java:72)
		at io.cucumber.junit.platform.engine.CucumberEngineExecutionContext.lambda$runTestCase$4(CucumberEngineExecutionContext.java:112)
		at io.cucumber.core.runtime.CucumberExecutionContext.lambda$runTestCase$5(CucumberExecutionContext.java:137)
		at io.cucumber.core.runtime.RethrowingThrowableCollector.executeAndThrow(RethrowingThrowableCollector.java:23)
		at io.cucumber.core.runtime.CucumberExecutionContext.runTestCase(CucumberExecutionContext.java:137)
		at io.cucumber.junit.platform.engine.CucumberEngineExecutionContext.runTestCase(CucumberEngineExecutionContext.java:109)
		at io.cucumber.junit.platform.engine.NodeDescriptor$PickleDescriptor.execute(NodeDescriptor.java:168)
		at io.cucumber.junit.platform.engine.NodeDescriptor$PickleDescriptor.execute(NodeDescriptor.java:90)
		at java.base/java.util.ArrayList.forEach(ArrayList.java:1596)
		at java.base/java.util.ArrayList.forEach(ArrayList.java:1596)
	Suppressed: io.cucumber.core.runner.DuplicateStepDefinitionException: Duplicate step definitions in com.automation.steps.web.LoginSteps.openLoginPage() and com.automation.steps.web.CheckoutSteps.openLoginPage()
		at io.cucumber.core.runner.CachingGlue.lambda$prepareGlue$3(CachingGlue.java:278)
		at java.base/java.util.ArrayList.forEach(ArrayList.java:1596)
		at io.cucumber.core.runner.CachingGlue.prepareGlue(CachingGlue.java:272)
		at io.cucumber.core.runner.Runner.runPickle(Runner.java:72)
		at io.cucumber.junit.platform.engine.CucumberEngineExecutionContext.lambda$runTestCase$4(CucumberEngineExecutionContext.java:112)
		at io.cucumber.core.runtime.CucumberExecutionContext.lambda$runTestCase$5(CucumberExecutionContext.java:137)
		at io.cucumber.core.runtime.RethrowingThrowableCollector.executeAndThrow(RethrowingThrowableCollector.java:23)
		at io.cucumber.core.runtime.CucumberExecutionContext.runTestCase(CucumberExecutionContext.java:137)
		at io.cucumber.junit.platform.engine.CucumberEngineExecutionContext.runTestCase(CucumberEngineExecutionContext.java:109)
		at io.cucumber.junit.platform.engine.NodeDescriptor$PickleDescriptor.execute(NodeDescriptor.java:168)
		at io.cucumber.junit.platform.engine.NodeDescriptor$PickleDescriptor.execute(NodeDescriptor.java:90)
		at java.base/java.util.ArrayList.forEach(ArrayList.java:1596)
		at java.base/java.util.ArrayList.forEach(ArrayList.java:1596)
	Suppressed: io.cucumber.core.runner.DuplicateStepDefinitionException: Duplicate step definitions in com.automation.steps.web.LoginSteps.openLoginPage() and com.automation.steps.web.CheckoutSteps.openLoginPage()
		at io.cucumber.core.runner.CachingGlue.lambda$prepareGlue$3(CachingGlue.java:278)
		at java.base/java.util.ArrayList.forEach(ArrayList.java:1596)
		at io.cucumber.core.runner.CachingGlue.prepareGlue(CachingGlue.java:272)
		at io.cucumber.core.runner.Runner.runPickle(Runner.java:72)
		at io.cucumber.junit.platform.engine.CucumberEngineExecutionContext.lambda$runTestCase$4(CucumberEngineExecutionContext.java:112)
		at io.cucumber.core.runtime.CucumberExecutionContext.lambda$runTestCase$5(CucumberExecutionContext.java:137)
		at io.cucumber.core.runtime.RethrowingThrowableCollector.executeAndThrow(RethrowingThrowableCollector.java:23)
		at io.cucumber.core.runtime.CucumberExecutionContext.runTestCase(CucumberExecutionContext.java:137)
		at io.cucumber.junit.platform.engine.CucumberEngineExecutionContext.runTestCase(CucumberEngineExecutionContext.java:109)
		at io.cucumber.junit.platform.engine.NodeDescriptor$PickleDescriptor.execute(NodeDescriptor.java:168)
		at io.cucumber.junit.platform.engine.NodeDescriptor$PickleDescriptor.execute(NodeDescriptor.java:90)
		at java.base/java.util.ArrayList.forEach(ArrayList.java:1596)
		at java.base/java.util.ArrayList.forEach(ArrayList.java:1596)
	Suppressed: io.cucumber.core.runner.DuplicateStepDefinitionException: Duplicate step definitions in com.automation.steps.web.LoginSteps.openLoginPage() and com.automation.steps.web.CheckoutSteps.openLoginPage()
		at io.cucumber.core.runner.CachingGlue.lambda$prepareGlue$3(CachingGlue.java:278)
		at java.base/java.util.ArrayList.forEach(ArrayList.java:1596)
		at io.cucumber.core.runner.CachingGlue.prepareGlue(CachingGlue.java:272)
		at io.cucumber.core.runner.Runner.runPickle(Runner.java:72)
		at io.cucumber.junit.platform.engine.CucumberEngineExecutionContext.lambda$runTestCase$4(CucumberEngineExecutionContext.java:112)
		at io.cucumber.core.runtime.CucumberExecutionContext.lambda$runTestCase$5(CucumberExecutionContext.java:137)
		at io.cucumber.core.runtime.RethrowingThrowableCollector.executeAndThrow(RethrowingThrowableCollector.java:23)
		at io.cucumber.core.runtime.CucumberExecutionContext.runTestCase(CucumberExecutionContext.java:137)
		at io.cucumber.junit.platform.engine.CucumberEngineExecutionContext.runTestCase(CucumberEngineExecutionContext.java:109)
		at io.cucumber.junit.platform.engine.NodeDescriptor$PickleDescriptor.execute(NodeDescriptor.java:168)
		at io.cucumber.junit.platform.engine.NodeDescriptor$PickleDescriptor.execute(NodeDescriptor.java:90)
		at java.base/java.util.ArrayList.forEach(ArrayList.java:1596)
		at java.base/java.util.ArrayList.forEach(ArrayList.java:1596)
	Suppressed: io.cucumber.core.runner.DuplicateStepDefinitionException: Duplicate step definitions in com.automation.steps.web.LoginSteps.openLoginPage() and com.automation.steps.web.CheckoutSteps.openLoginPage()
		at io.cucumber.core.runner.CachingGlue.lambda$prepareGlue$3(CachingGlue.java:278)
		at java.base/java.util.ArrayList.forEach(ArrayList.java:1596)
		at io.cucumber.core.runner.CachingGlue.prepareGlue(CachingGlue.java:272)
		at io.cucumber.core.runner.Runner.runPickle(Runner.java:72)
		at io.cucumber.junit.platform.engine.CucumberEngineExecutionContext.lambda$runTestCase$4(CucumberEngineExecutionContext.java:112)
		at io.cucumber.core.runtime.CucumberExecutionContext.lambda$runTestCase$5(CucumberExecutionContext.java:137)
		at io.cucumber.core.runtime.RethrowingThrowableCollector.executeAndThrow(RethrowingThrowableCollector.java:23)
		at io.cucumber.core.runtime.CucumberExecutionContext.runTestCase(CucumberExecutionContext.java:137)
		at io.cucumber.junit.platform.engine.CucumberEngineExecutionContext.runTestCase(CucumberEngineExecutionContext.java:109)
		at io.cucumber.junit.platform.engine.NodeDescriptor$PickleDescriptor.execute(NodeDescriptor.java:168)
		at io.cucumber.junit.platform.engine.NodeDescriptor$PickleDescriptor.execute(NodeDescriptor.java:90)
		at java.base/java.util.ArrayList.forEach(ArrayList.java:1596)
		at java.base/java.util.ArrayList.forEach(ArrayList.java:1596)
	Suppressed: io.cucumber.core.runner.DuplicateStepDefinitionException: Duplicate step definitions in com.automation.steps.web.LoginSteps.openLoginPage() and com.automation.steps.web.CheckoutSteps.openLoginPage()
		at io.cucumber.core.runner.CachingGlue.lambda$prepareGlue$3(CachingGlue.java:278)
		at java.base/java.util.ArrayList.forEach(ArrayList.java:1596)
		at io.cucumber.core.runner.CachingGlue.prepareGlue(CachingGlue.java:272)
		at io.cucumber.core.runner.Runner.runPickle(Runner.java:72)
		at io.cucumber.junit.platform.engine.CucumberEngineExecutionContext.lambda$runTestCase$4(CucumberEngineExecutionContext.java:112)
		at io.cucumber.core.runtime.CucumberExecutionContext.lambda$runTestCase$5(CucumberExecutionContext.java:137)
		at io.cucumber.core.runtime.RethrowingThrowableCollector.executeAndThrow(RethrowingThrowableCollector.java:23)
		at io.cucumber.core.runtime.CucumberExecutionContext.runTestCase(CucumberExecutionContext.java:137)
		at io.cucumber.junit.platform.engine.CucumberEngineExecutionContext.runTestCase(CucumberEngineExecutionContext.java:109)
		at io.cucumber.junit.platform.engine.NodeDescriptor$PickleDescriptor.execute(NodeDescriptor.java:168)
		at io.cucumber.junit.platform.engine.NodeDescriptor$PickleDescriptor.execute(NodeDescriptor.java:90)
		at java.base/java.util.ArrayList.forEach(ArrayList.java:1596)
		at java.base/java.util.ArrayList.forEach(ArrayList.java:1596)
	Suppressed: io.cucumber.core.runner.DuplicateStepDefinitionException: Duplicate step definitions in com.automation.steps.web.LoginSteps.openLoginPage() and com.automation.steps.web.CheckoutSteps.openLoginPage()
		at io.cucumber.core.runner.CachingGlue.lambda$prepareGlue$3(CachingGlue.java:278)
		at java.base/java.util.ArrayList.forEach(ArrayList.java:1596)
		at io.cucumber.core.runner.CachingGlue.prepareGlue(CachingGlue.java:272)
		at io.cucumber.core.runner.Runner.runPickle(Runner.java:72)
		at io.cucumber.junit.platform.engine.CucumberEngineExecutionContext.lambda$runTestCase$4(CucumberEngineExecutionContext.java:112)
		at io.cucumber.core.runtime.CucumberExecutionContext.lambda$runTestCase$5(CucumberExecutionContext.java:137)
		at io.cucumber.core.runtime.RethrowingThrowableCollector.executeAndThrow(RethrowingThrowableCollector.java:23)
		at io.cucumber.core.runtime.CucumberExecutionContext.runTestCase(CucumberExecutionContext.java:137)
		at io.cucumber.junit.platform.engine.CucumberEngineExecutionContext.runTestCase(CucumberEngineExecutionContext.java:109)
		at io.cucumber.junit.platform.engine.NodeDescriptor$PickleDescriptor.execute(NodeDescriptor.java:168)
		at io.cucumber.junit.platform.engine.NodeDescriptor$PickleDescriptor.execute(NodeDescriptor.java:90)
		at java.base/java.util.ArrayList.forEach(ArrayList.java:1596)
		at java.base/java.util.ArrayList.forEach(ArrayList.java:1596)
?[0m
</pre>
</span>
</div>
</div>
<div id="footer">
<p>
<div>
<label class="hidden" id="label-for-line-wrapping-toggle" for="line-wrapping-toggle">Wrap lines
<input id="line-wrapping-toggle" type="checkbox" autocomplete="off"/>
</label>
</div>Generated by 
<a href="http://www.gradle.org">Gradle 8.4</a> at Jul 21, 2025, 2:02:42PM</p>
</div>
</div>
</body>
</html>
